<?xml version="1.0" encoding="UTF-8"?>
<testsuite xmlns:xsi="http://www.w3.org/2001/XMLSchema-instance" xsi:noNamespaceSchemaLocation="https://maven.apache.org/surefire/maven-surefire-plugin/xsd/surefire-test-report.xsd" version="3.0.2" name="com.example.selenium_rag.MainTests" time="2.655" tests="1" errors="0" skipped="0" failures="0">
  <properties>
[...]
</properties>
  <testcase name="contextLoads" classname="com.example.selenium_rag.MainTests" time="0.737">
    <system-out><![CDATA[11:12:48.861 [main] INFO org.springframework.test.context.support.AnnotationConfigContextLoaderUtils -- Could not detect default configuration classes for test class [com.example.selenium_rag.MainTests]: MainTests does not declare any static, non-private, non-final, nested classes annotated with @Configuration.
11:12:49.003 [main] INFO org.springframework.boot.test.context.SpringBootTestContextBootstrapper -- Found @SpringBootConfiguration com.example.selenium_rag.Main for test class com.example.selenium_rag.MainTests
11:12:49.177 [main] INFO org.springframework.boot.devtools.restart.RestartApplicationListener -- Restart disabled due to context in which it is running

  .   ____          _            __ _ _
 /\\ / ___'_ __ _ _(_)_ __  __ _ \ \ \ \
( ( )\___ | '_ | '_| | '_ \/ _` | \ \ \ \
 \\/  ___)| |_)| | | | | || (_| |  ) ) ) )
  '  |____| .__|_| |_|_| |_\__, | / / / /
 =========|_|==============|___/=/_/_/_/

 :: Spring Boot ::                (v3.5.6)

2025-11-13T11:12:49.473+01:00  INFO 8024 --- [selenium-rag-api] [           main] com.example.selenium_rag.MainTests       : Starting MainTests using Java 21.0.7 with PID 8024 (started by rdf in C:\Users\rdf\Desktop\seleniumtest)
2025-11-13T11:12:49.477+01:00  INFO 8024 --- [selenium-rag-api] [           main] com.example.selenium_rag.MainTests       : No active profile set, falling back to 1 default profile: "default"
2025-11-13T11:12:50.615+01:00  INFO 8024 --- [selenium-rag-api] [           main] com.example.selenium_rag.MainTests       : Started MainTests in 1.459 seconds (process running for 2.574)
]]></system-out>
    <system-err><![CDATA[Mockito is currently self-attaching to enable the inline-mock-maker. This will no longer work in future releases of the JDK. Please add Mockito as an agent to your build as described in Mockito's documentation: https://javadoc.io/doc/org.mockito/mockito-core/latest/org.mockito/org/mockito/Mockito.html#0.3
WARNING: A Java agent has been loaded dynamically (C:\Users\rdf\.m2\repository\net\bytebuddy\byte-buddy-agent\1.17.7\byte-buddy-agent-1.17.7.jar)
WARNING: If a serviceability tool is in use, please run with -XX:+EnableDynamicAgentLoading to hide this warning
WARNING: If a serviceability tool is not in use, please run with -Djdk.instrument.traceUsage for more information
WARNING: Dynamic loading of agents will be disallowed by default in a future release
]]></system-err>
  </testcase>
</testsuite>